<?xml version="1.0" encoding="UTF-8"?>
<!-- Generated by org.testng.reporters.JUnitXMLReporter -->
<testsuite ignored="0" hostname="DESKTOP-0GD050T" failures="1" tests="2" name="Test" time="30.222" errors="0" timestamp="2023-02-28T18:11:24 IST">
  <testcase classname="Organization.CreateOrgnizationTest" name="createOrgnizationTest" time="7.816">
    <failure type="java.lang.AssertionError" message="expected [true] but found [false]">
      <![CDATA[java.lang.AssertionError: expected [true] but found [false]
at Organization.CreateOrgnizationTest.createOrgnizationTest(CreateOrgnizationTest.java:117)
at java.base/java.util.ArrayList.forEach(ArrayList.java:1511)
... Removed 31 stack frames]]>
    </failure>
  </testcase> <!-- createOrgnizationTest -->
  <testcase classname="Organization.CreateOrgnizationTest" name="createProductTest" time="9.238"/>
</testsuite> <!-- Test -->
